200 4096
40 16384
174366720 8192
395120640 4096
319664128 12288
252030976 16384
697901056 4096
379772928 4096
274186240 4096
990068736 4096
1037750272 4096
609918976 4096
252030976 4194304
1037750272 104857600
319664128 12288
200 4096
40 16384
395120640 4096
1037750272 104857600

395120640 32768
1037750272 104857600
1037750272 3076096

395120640 4096
1037750272 104857600

200 4096
40 16384
1037750272 3076096

2148532224 1572864
2148007936 1048576

2148007936 1572864
2148007936 1572864

2148007936 268435456
990068736 268435456
252030976 268435456
609918976 4096
697901056 4096
990068736 4096
git push -u origin main